<?xml version="1.0" encoding="UTF-8"?>
<!-- Generated by org.testng.reporters.JUnitReportReporter -->
<testsuite hostname="DESK-1989" name="lcfFaces.B1_MDLD_FreeProfile_GetQuote" tests="1" failures="0" timestamp="20 Jul 2017 04:48:40 GMT" time="85.159" errors="0">
  <testcase name="MDLD_FreeProfile_GetQuote" time="85.159" classname="lcfFaces.B1_MDLD_FreeProfile_GetQuote"/>
</testsuite> <!-- lcfFaces.B1_MDLD_FreeProfile_GetQuote -->
