<?xml version="1.0" encoding="UTF-8"?>
<!-- Generated by org.testng.reporters.JUnitReportReporter -->
<testsuite hostname="DESK-1989" name="lcfFaces.A1_MDLD_with_Locality" tests="1" failures="0" timestamp="20 Jul 2017 04:48:40 GMT" time="102.524" errors="0">
  <testcase name="MDLD_with_Locality" time="102.524" classname="lcfFaces.A1_MDLD_with_Locality"/>
</testsuite> <!-- lcfFaces.A1_MDLD_with_Locality -->
