<?xml version="1.0" encoding="UTF-8"?>
<!-- Generated by org.testng.reporters.JUnitReportReporter -->
<testsuite hostname="AIO-2107" name="excelreader.dynamicdata" tests="1" failures="0" timestamp="26 May 2017 07:27:52 GMT" time="2.205" errors="0">
  <testcase name="urlpicker1" time="2.205" classname="excelreader.dynamicdata"/>
</testsuite> <!-- excelreader.dynamicdata -->
