<?xml version="1.0" encoding="UTF-8"?>
<!-- Generated by org.testng.reporters.JUnitReportReporter -->
<testsuite hostname="DESK-1989" name="lcfFaces.A3_MDLD_attribute_locality" tests="1" failures="0" timestamp="20 Jul 2017 04:48:40 GMT" time="59.236" errors="0">
  <testcase name="MDLD_attribute_locality" time="59.236" classname="lcfFaces.A3_MDLD_attribute_locality"/>
</testsuite> <!-- lcfFaces.A3_MDLD_attribute_locality -->
