<?xml version="1.0" encoding="UTF-8"?>
<!-- Generated by org.testng.reporters.JUnitReportReporter -->
<testsuite hostname="DESK-1989" name="lcfFaces.A9_MDLD_Need_page" tests="1" failures="0" timestamp="20 Jul 2017 04:48:40 GMT" time="69.946" errors="0">
  <testcase name="MDLD_MDLD_Need_page" time="69.946" classname="lcfFaces.A9_MDLD_Need_page"/>
</testsuite> <!-- lcfFaces.A9_MDLD_Need_page -->
