<?xml version="1.0" encoding="UTF-8"?>
<!-- Generated by org.testng.reporters.JUnitReportReporter -->
<testsuite hostname="DESK-1989" name="lcfFaces.B2_MDLD_PaidProfile_GetQuote" tests="1" failures="0" timestamp="20 Jul 2017 04:48:40 GMT" time="72.855" errors="0">
  <testcase name="MDLD_PaidProfile_GetQuote" time="72.855" classname="lcfFaces.B2_MDLD_PaidProfile_GetQuote"/>
</testsuite> <!-- lcfFaces.B2_MDLD_PaidProfile_GetQuote -->
