<?xml version="1.0" encoding="UTF-8"?>
<!-- Generated by org.testng.reporters.JUnitReportReporter -->
<testsuite hostname="DESK-1989" name="lcfFaces.B8_Cakeshops_LCF" tests="1" failures="0" timestamp="20 Jul 2017 04:48:40 GMT" time="30.574" errors="0">
  <testcase name="Cakeshops_LCF" time="30.574" classname="lcfFaces.B8_Cakeshops_LCF"/>
</testsuite> <!-- lcfFaces.B8_Cakeshops_LCF -->
