<?xml version="1.0" encoding="UTF-8"?>
<!-- Generated by org.testng.reporters.JUnitReportReporter -->
<testsuite hostname="DESK-1989" name="lcfFaces.B3_MDLD_Standalone" tests="1" failures="0" timestamp="20 Jul 2017 04:48:40 GMT" time="88.965" errors="0">
  <testcase name="MDLD_Standalone" time="88.965" classname="lcfFaces.B3_MDLD_Standalone"/>
</testsuite> <!-- lcfFaces.B3_MDLD_Standalone -->
