<?xml version="1.0" encoding="UTF-8"?>
<!-- Generated by org.testng.reporters.JUnitReportReporter -->
<testsuite hostname="AIO-2107" name="excelreader.Teste" tests="1" failures="0" timestamp="25 May 2017 14:02:54 GMT" time="0.722" errors="0">
  <testcase name="urlpicker" time="0.722" classname="excelreader.Teste"/>
</testsuite> <!-- excelreader.Teste -->
