<?xml version="1.0" encoding="UTF-8"?>
<!-- Generated by org.testng.reporters.JUnitReportReporter -->
<testsuite hostname="DESK-1989" name="lcfFaces.A2_MDLD_attribute_page" tests="1" failures="0" timestamp="20 Jul 2017 04:48:40 GMT" time="75.621" errors="0">
  <testcase name="MDLD_attribute_page" time="75.621" classname="lcfFaces.A2_MDLD_attribute_page"/>
</testsuite> <!-- lcfFaces.A2_MDLD_attribute_page -->
