<?xml version="1.0" encoding="UTF-8"?>
<!-- Generated by org.testng.reporters.JUnitReportReporter -->
<testsuite hostname="DESK-1989" name="lcfFaces.B7_MDLD_DateSelectionLCF" tests="1" failures="0" timestamp="20 Jul 2017 04:48:40 GMT" time="65.237" errors="0">
  <testcase name="MDLD_DateSelectionLCF" time="65.237" classname="lcfFaces.B7_MDLD_DateSelectionLCF"/>
</testsuite> <!-- lcfFaces.B7_MDLD_DateSelectionLCF -->
