<?xml version="1.0" encoding="UTF-8"?>
<!-- Generated by org.testng.reporters.JUnitReportReporter -->
<testsuite hostname="DESK-1989" name="lcfFaces.B4_MDLD_SEM_Page" tests="1" failures="0" timestamp="20 Jul 2017 04:48:40 GMT" time="60.475" errors="0">
  <testcase name="MDLD_SEM_Page" time="60.475" classname="lcfFaces.B4_MDLD_SEM_Page"/>
</testsuite> <!-- lcfFaces.B4_MDLD_SEM_Page -->
