<?xml version="1.0" encoding="UTF-8"?>
<!-- Generated by org.testng.reporters.JUnitReportReporter -->
<testsuite hostname="DESK-1989" name="lcfFaces.A7_MDLD_B2U_Locality_LCF" tests="1" failures="0" timestamp="20 Jul 2017 04:48:40 GMT" time="75.181" errors="0">
  <testcase name="MDLD_B2U_Locality_LCF" time="75.181" classname="lcfFaces.A7_MDLD_B2U_Locality_LCF"/>
</testsuite> <!-- lcfFaces.A7_MDLD_B2U_Locality_LCF -->
