<?xml version="1.0" encoding="UTF-8"?>
<!-- Generated by org.testng.reporters.JUnitReportReporter -->
<testsuite hostname="DESK-1989" name="listingProfile.US_API_City_Selection" tests="1" failures="0" timestamp="7 Jul 2017 05:29:49 GMT" time="0.626" errors="0">
  <testcase name="US_API_City_selection" time="0.626" classname="listingProfile.US_API_City_Selection"/>
</testsuite> <!-- listingProfile.US_API_City_Selection -->
