<?xml version="1.0" encoding="UTF-8"?>
<!-- Generated by org.testng.reporters.JUnitReportReporter -->
<testsuite hostname="DESK-1989" name="lcfFaces.C3_AttributeType" tests="1" failures="0" timestamp="20 Jul 2017 04:48:40 GMT" time="89.924" errors="0">
  <testcase name="Need1AttributeType" time="89.924" classname="lcfFaces.C3_AttributeType"/>
</testsuite> <!-- lcfFaces.C3_AttributeType -->
