<?xml version="1.0" encoding="UTF-8"?>
<!-- Generated by org.testng.reporters.JUnitReportReporter -->
<testsuite hostname="DESK-1989" name="lcfFaces.A4_MDLD_Brand_locality_U2B" tests="1" failures="0" timestamp="20 Jul 2017 04:48:40 GMT" time="93.525" errors="0">
  <testcase name="MDLD_Brand_locality_U2B" time="93.525" classname="lcfFaces.A4_MDLD_Brand_locality_U2B"/>
</testsuite> <!-- lcfFaces.A4_MDLD_Brand_locality_U2B -->
