<?xml version="1.0" encoding="UTF-8"?>
<!-- Generated by org.testng.reporters.JUnitReportReporter -->
<testsuite hostname="DESK-1989" name="lcfFaces.B6_AdditionalInfo_Mand_Other" tests="1" failures="0" timestamp="20 Jul 2017 04:48:40 GMT" time="76.087" errors="0">
  <testcase name="AdditionalInfo_Mand_Other" time="76.087" classname="lcfFaces.B6_AdditionalInfo_Mand_Other"/>
</testsuite> <!-- lcfFaces.B6_AdditionalInfo_Mand_Other -->
