<?xml version="1.0" encoding="UTF-8"?>
<!-- Generated by org.testng.reporters.JUnitReportReporter -->
<testsuite hostname="DESK-1989" name="listingProfile.Mobile_VDL_Profile" tests="3" failures="0" timestamp="7 Jul 2017 05:12:20 GMT" time="43.318" errors="0">
  <testcase name="TC003_VerifySymbol" time="8.056" classname="listingProfile.Mobile_VDL_Profile"/>
  <testcase name="TC002_SaveToPhone" time="22.421" classname="listingProfile.Mobile_VDL_Profile"/>
  <testcase name="TC001_Profile_Getquote" time="12.841" classname="listingProfile.Mobile_VDL_Profile"/>
</testsuite> <!-- listingProfile.Mobile_VDL_Profile -->
