<?xml version="1.0" encoding="UTF-8"?>
<!-- Generated by org.testng.reporters.JUnitReportReporter -->
<testsuite hostname="DESK-1989" name="lcfFaces.C2_SearchAjexSelect" tests="1" failures="0" timestamp="20 Jul 2017 04:48:40 GMT" time="91.741" errors="0">
  <testcase name="SearchLCF" time="91.741" classname="lcfFaces.C2_SearchAjexSelect"/>
</testsuite> <!-- lcfFaces.C2_SearchAjexSelect -->
