<?xml version="1.0" encoding="UTF-8"?>
<!-- Generated by org.testng.reporters.JUnitReportReporter -->
<testsuite hostname="DESK-1989" name="lcfFaces.A00_MobileLCFposted_SMS" tests="1" failures="0" timestamp="14 Jul 2017 10:59:38 GMT" time="30.963" errors="0">
  <testcase name="LCFPosting" time="30.963" classname="lcfFaces.A00_MobileLCFposted_SMS"/>
</testsuite> <!-- lcfFaces.A00_MobileLCFposted_SMS -->
