<?xml version="1.0" encoding="UTF-8"?>
<!-- Generated by org.testng.reporters.JUnitReportReporter -->
<testsuite hostname="DESK-1989" name="lcfFaces.C1_SearchLCF" tests="1" failures="0" timestamp="19 Jul 2017 04:52:35 GMT" time="95.542" errors="0">
  <testcase name="SearchLCF" time="95.542" classname="lcfFaces.C1_SearchLCF"/>
</testsuite> <!-- lcfFaces.C1_SearchLCF -->
