<?xml version="1.0" encoding="UTF-8"?>
<!-- Generated by org.testng.reporters.JUnitReportReporter -->
<testsuite hostname="DESK-1989" name="lcfFaces.B5_MDLD_SEM_Manda_md_ai" tests="1" failures="0" timestamp="20 Jul 2017 04:48:40 GMT" time="77.992" errors="0">
  <testcase name="MDLD_SEM_Manda_md_ai" time="77.992" classname="lcfFaces.B5_MDLD_SEM_Manda_md_ai"/>
</testsuite> <!-- lcfFaces.B5_MDLD_SEM_Manda_md_ai -->
