<?xml version="1.0" encoding="UTF-8"?>
<!-- Generated by org.testng.reporters.JUnitReportReporter -->
<testsuite hostname="DESK-1989" name="lcfFaces.B9_Internet_Providers_LCF" tests="1" failures="0" timestamp="20 Jul 2017 04:48:40 GMT" time="67.019" errors="0">
  <testcase name="Internet_Providers_LCF" time="67.019" classname="lcfFaces.B9_Internet_Providers_LCF"/>
</testsuite> <!-- lcfFaces.B9_Internet_Providers_LCF -->
