<?xml version="1.0" encoding="UTF-8"?>
<!-- Generated by org.testng.reporters.JUnitReportReporter -->
<testsuite hostname="DESK-1989" name="lcfFaces.C1_SearchEnterbutton" tests="1" failures="0" timestamp="20 Jul 2017 04:48:40 GMT" time="97.322" errors="0">
  <testcase name="SearchLCF" time="97.322" classname="lcfFaces.C1_SearchEnterbutton"/>
</testsuite> <!-- lcfFaces.C1_SearchEnterbutton -->
