<?xml version="1.0" encoding="UTF-8"?>
<!-- Generated by org.testng.reporters.JUnitReportReporter -->
<testsuite hostname="AIO-2107" name="lcfFaces.MDLD_with_Locality" tests="1" failures="0" timestamp="17 May 2017 11:30:45 GMT" time="33.559" errors="0">
  <testcase name="MDLDLocality" time="33.559" classname="lcfFaces.MDLD_with_Locality"/>
</testsuite> <!-- lcfFaces.MDLD_with_Locality -->
