<?xml version="1.0" encoding="UTF-8"?>
<!-- Generated by org.testng.reporters.JUnitReportReporter -->
<testsuite hostname="DESK-1989" name="lcfFaces.A5_MDLD_Brand_locality_B2U" tests="1" failures="0" timestamp="20 Jul 2017 04:48:40 GMT" time="81.755" errors="0">
  <testcase name="MDLD_Brand_locality_B2U" time="81.755" classname="lcfFaces.A5_MDLD_Brand_locality_B2U"/>
</testsuite> <!-- lcfFaces.A5_MDLD_Brand_locality_B2U -->
