<?xml version="1.0" encoding="UTF-8"?>
<!-- Generated by org.testng.reporters.JUnitReportReporter -->
<testsuite hostname="DESK-1989" name="listingProfile.AA3_Mobile_VDL_Profile" tests="2" failures="0" timestamp="20 Jul 2017 04:48:40 GMT" time="30.901" errors="0">
  <testcase name="TC001_Profile_Getquote" time="9.547" classname="listingProfile.AA3_Mobile_VDL_Profile"/>
  <testcase name="TC002_SaveToPhone" time="21.354" classname="listingProfile.AA3_Mobile_VDL_Profile"/>
</testsuite> <!-- listingProfile.AA3_Mobile_VDL_Profile -->
